INFO  [2014-12-21 02:53:41,104] edu.sjsu.cmpe.cache.CacheService: Loaded resources
WARN  [2014-12-21 02:53:41,116] com.yammer.dropwizard.config.ServerFactory: 
!!!!!!!!!!!!!!!!!!!!!!!!!!!!!!!!!!!!!!!!!!!!!!!!!!!!!!!!!!!!!!!!!!!!!!!!!!!!!!!!
!!!!!!!!!!!!!!!!!!!!!!!!!!!!!!!!!!!!!!!!!!!!!!!!!!!!!!!!!!!!!!!!!!!!!!!!!!!!!!!!
!    THIS SERVICE HAS NO HEALTHCHECKS. THIS MEANS YOU WILL NEVER KNOW IF IT    !
!    DIES IN PRODUCTION, WHICH MEANS YOU WILL NEVER KNOW IF YOU'RE LETTING     !
!     YOUR USERS DOWN. YOU SHOULD ADD A HEALTHCHECK FOR EACH DEPENDENCY OF     !
!     YOUR SERVICE WHICH FULLY (BUT LIGHTLY) TESTS YOUR SERVICE'S ABILITY TO   !
!      USE THAT SERVICE. THINK OF IT AS A CONTINUOUS INTEGRATION TEST.         !
!!!!!!!!!!!!!!!!!!!!!!!!!!!!!!!!!!!!!!!!!!!!!!!!!!!!!!!!!!!!!!!!!!!!!!!!!!!!!!!!
!!!!!!!!!!!!!!!!!!!!!!!!!!!!!!!!!!!!!!!!!!!!!!!!!!!!!!!!!!!!!!!!!!!!!!!!!!!!!!!!
INFO  [2014-12-21 02:53:41,179] com.yammer.dropwizard.cli.ServerCommand: Starting cache-server
INFO  [2014-12-21 02:53:41,181] org.eclipse.jetty.server.Server: jetty-8.y.z-SNAPSHOT
INFO  [2014-12-21 02:53:41,281] com.sun.jersey.server.impl.application.WebApplicationImpl: Initiating Jersey application, version 'Jersey: 1.17.1 02/28/2013 12:47 PM'
INFO  [2014-12-21 02:53:41,335] com.yammer.dropwizard.config.Environment: The following paths were found for the configured resources:

    DELETE  /cache/{key}/{value} (edu.sjsu.cmpe.cache.api.resources.CacheResource)
    GET     /cache/ (edu.sjsu.cmpe.cache.api.resources.CacheResource)
    GET     /cache/{key} (edu.sjsu.cmpe.cache.api.resources.CacheResource)
    PUT     /cache/{key}/{value} (edu.sjsu.cmpe.cache.api.resources.CacheResource)

INFO  [2014-12-21 02:53:41,335] com.yammer.dropwizard.config.Environment: tasks = 

    POST    /tasks/gc (com.yammer.dropwizard.tasks.GarbageCollectionTask)

INFO  [2014-12-21 02:53:41,585] org.eclipse.jetty.server.AbstractConnector: Started InstrumentedBlockingChannelConnector@0.0.0.0:3000
INFO  [2014-12-21 02:53:41,587] org.eclipse.jetty.server.AbstractConnector: Started SocketConnector@0.0.0.0:7000
INFO  [2014-12-21 03:12:57,131] org.eclipse.jetty.server.Server: Graceful shutdown SocketConnector@0.0.0.0:7000
INFO  [2014-12-21 03:12:57,133] org.eclipse.jetty.server.Server: Graceful shutdown InstrumentedBlockingChannelConnector@0.0.0.0:3000
INFO  [2014-12-21 03:12:57,136] org.eclipse.jetty.server.Server: Graceful shutdown o.e.j.s.ServletContextHandler{/,null}
INFO  [2014-12-21 03:12:57,136] org.eclipse.jetty.server.Server: Graceful shutdown o.e.j.s.ServletContextHandler{/,null}
INFO  [2014-12-21 03:12:59,190] org.eclipse.jetty.server.handler.ContextHandler: stopped o.e.j.s.ServletContextHandler{/,null}
INFO  [2014-12-21 03:12:59,190] org.eclipse.jetty.server.handler.ContextHandler: stopped o.e.j.s.ServletContextHandler{/,null}
INFO  [2014-12-21 03:13:02,064] edu.sjsu.cmpe.cache.CacheService: Loaded resources
WARN  [2014-12-21 03:13:02,076] com.yammer.dropwizard.config.ServerFactory: 
!!!!!!!!!!!!!!!!!!!!!!!!!!!!!!!!!!!!!!!!!!!!!!!!!!!!!!!!!!!!!!!!!!!!!!!!!!!!!!!!
!!!!!!!!!!!!!!!!!!!!!!!!!!!!!!!!!!!!!!!!!!!!!!!!!!!!!!!!!!!!!!!!!!!!!!!!!!!!!!!!
!    THIS SERVICE HAS NO HEALTHCHECKS. THIS MEANS YOU WILL NEVER KNOW IF IT    !
!    DIES IN PRODUCTION, WHICH MEANS YOU WILL NEVER KNOW IF YOU'RE LETTING     !
!     YOUR USERS DOWN. YOU SHOULD ADD A HEALTHCHECK FOR EACH DEPENDENCY OF     !
!     YOUR SERVICE WHICH FULLY (BUT LIGHTLY) TESTS YOUR SERVICE'S ABILITY TO   !
!      USE THAT SERVICE. THINK OF IT AS A CONTINUOUS INTEGRATION TEST.         !
!!!!!!!!!!!!!!!!!!!!!!!!!!!!!!!!!!!!!!!!!!!!!!!!!!!!!!!!!!!!!!!!!!!!!!!!!!!!!!!!
!!!!!!!!!!!!!!!!!!!!!!!!!!!!!!!!!!!!!!!!!!!!!!!!!!!!!!!!!!!!!!!!!!!!!!!!!!!!!!!!
INFO  [2014-12-21 03:13:02,148] com.yammer.dropwizard.cli.ServerCommand: Starting cache-server
INFO  [2014-12-21 03:13:02,150] org.eclipse.jetty.server.Server: jetty-8.y.z-SNAPSHOT
INFO  [2014-12-21 03:13:02,276] com.sun.jersey.server.impl.application.WebApplicationImpl: Initiating Jersey application, version 'Jersey: 1.17.1 02/28/2013 12:47 PM'
INFO  [2014-12-21 03:13:02,334] com.yammer.dropwizard.config.Environment: The following paths were found for the configured resources:

    DELETE  /cache/{key}/{value} (edu.sjsu.cmpe.cache.api.resources.CacheResource)
    GET     /cache/ (edu.sjsu.cmpe.cache.api.resources.CacheResource)
    GET     /cache/{key} (edu.sjsu.cmpe.cache.api.resources.CacheResource)
    PUT     /cache/{key}/{value} (edu.sjsu.cmpe.cache.api.resources.CacheResource)

INFO  [2014-12-21 03:13:02,334] com.yammer.dropwizard.config.Environment: tasks = 

    POST    /tasks/gc (com.yammer.dropwizard.tasks.GarbageCollectionTask)

INFO  [2014-12-21 03:13:02,587] org.eclipse.jetty.server.AbstractConnector: Started InstrumentedBlockingChannelConnector@0.0.0.0:3000
INFO  [2014-12-21 03:13:02,589] org.eclipse.jetty.server.AbstractConnector: Started SocketConnector@0.0.0.0:7000
INFO  [2014-12-21 03:26:10,442] org.eclipse.jetty.server.Server: Graceful shutdown SocketConnector@0.0.0.0:7000
INFO  [2014-12-21 03:26:10,443] org.eclipse.jetty.server.Server: Graceful shutdown InstrumentedBlockingChannelConnector@0.0.0.0:3000
INFO  [2014-12-21 03:26:10,445] org.eclipse.jetty.server.Server: Graceful shutdown o.e.j.s.ServletContextHandler{/,null}
INFO  [2014-12-21 03:26:10,445] org.eclipse.jetty.server.Server: Graceful shutdown o.e.j.s.ServletContextHandler{/,null}
INFO  [2014-12-21 03:26:12,497] org.eclipse.jetty.server.handler.ContextHandler: stopped o.e.j.s.ServletContextHandler{/,null}
INFO  [2014-12-21 03:26:12,497] org.eclipse.jetty.server.handler.ContextHandler: stopped o.e.j.s.ServletContextHandler{/,null}
INFO  [2014-12-21 03:29:48,751] edu.sjsu.cmpe.cache.CacheService: Loaded resources
WARN  [2014-12-21 03:29:48,765] com.yammer.dropwizard.config.ServerFactory: 
!!!!!!!!!!!!!!!!!!!!!!!!!!!!!!!!!!!!!!!!!!!!!!!!!!!!!!!!!!!!!!!!!!!!!!!!!!!!!!!!
!!!!!!!!!!!!!!!!!!!!!!!!!!!!!!!!!!!!!!!!!!!!!!!!!!!!!!!!!!!!!!!!!!!!!!!!!!!!!!!!
!    THIS SERVICE HAS NO HEALTHCHECKS. THIS MEANS YOU WILL NEVER KNOW IF IT    !
!    DIES IN PRODUCTION, WHICH MEANS YOU WILL NEVER KNOW IF YOU'RE LETTING     !
!     YOUR USERS DOWN. YOU SHOULD ADD A HEALTHCHECK FOR EACH DEPENDENCY OF     !
!     YOUR SERVICE WHICH FULLY (BUT LIGHTLY) TESTS YOUR SERVICE'S ABILITY TO   !
!      USE THAT SERVICE. THINK OF IT AS A CONTINUOUS INTEGRATION TEST.         !
!!!!!!!!!!!!!!!!!!!!!!!!!!!!!!!!!!!!!!!!!!!!!!!!!!!!!!!!!!!!!!!!!!!!!!!!!!!!!!!!
!!!!!!!!!!!!!!!!!!!!!!!!!!!!!!!!!!!!!!!!!!!!!!!!!!!!!!!!!!!!!!!!!!!!!!!!!!!!!!!!
INFO  [2014-12-21 03:29:48,835] com.yammer.dropwizard.cli.ServerCommand: Starting cache-server
INFO  [2014-12-21 03:29:48,836] org.eclipse.jetty.server.Server: jetty-8.y.z-SNAPSHOT
INFO  [2014-12-21 03:29:48,948] com.sun.jersey.server.impl.application.WebApplicationImpl: Initiating Jersey application, version 'Jersey: 1.17.1 02/28/2013 12:47 PM'
INFO  [2014-12-21 03:29:49,005] com.yammer.dropwizard.config.Environment: The following paths were found for the configured resources:

    DELETE  /cache/{key} (edu.sjsu.cmpe.cache.api.resources.CacheResource)
    GET     /cache/ (edu.sjsu.cmpe.cache.api.resources.CacheResource)
    GET     /cache/{key} (edu.sjsu.cmpe.cache.api.resources.CacheResource)
    PUT     /cache/{key}/{value} (edu.sjsu.cmpe.cache.api.resources.CacheResource)

INFO  [2014-12-21 03:29:49,006] com.yammer.dropwizard.config.Environment: tasks = 

    POST    /tasks/gc (com.yammer.dropwizard.tasks.GarbageCollectionTask)

INFO  [2014-12-21 03:29:49,254] org.eclipse.jetty.server.AbstractConnector: Started InstrumentedBlockingChannelConnector@0.0.0.0:3000
WARN  [2014-12-21 03:29:49,256] org.eclipse.jetty.server.AbstractConnector: insufficient threads configured for SocketConnector@0.0.0.0:7000
INFO  [2014-12-21 03:29:49,256] org.eclipse.jetty.server.AbstractConnector: Started SocketConnector@0.0.0.0:7000
ERROR [2014-12-21 03:30:15,552] com.yammer.dropwizard.jersey.LoggingExceptionMapper: Error handling a request: 04fb6557a525cb08
! java.lang.Error: Unresolved compilation problem: 
	The type InMemoryCache must implement the inherited abstract method CacheInterface.delete(Long)

! at edu.sjsu.cmpe.cache.repository.InMemoryCache.delete(InMemoryCache.java:12) ~[server-0.0.1-SNAPSHOT.jar:na]
! at edu.sjsu.cmpe.cache.api.resources.CacheResource.delete(CacheResource.java:74) ~[server-0.0.1-SNAPSHOT.jar:na]
! at sun.reflect.NativeMethodAccessorImpl.invoke0(Native Method) ~[na:1.8.0_20]
! at sun.reflect.NativeMethodAccessorImpl.invoke(Unknown Source) ~[na:1.8.0_20]
! at sun.reflect.DelegatingMethodAccessorImpl.invoke(Unknown Source) ~[na:1.8.0_20]
! at java.lang.reflect.Method.invoke(Unknown Source) ~[na:1.8.0_20]
! at com.sun.jersey.spi.container.JavaMethodInvokerFactory$1.invoke(JavaMethodInvokerFactory.java:60) ~[server-0.0.1-SNAPSHOT.jar:na]
! at com.sun.jersey.server.impl.model.method.dispatch.AbstractResourceMethodDispatchProvider$ResponseOutInvoker._dispatch(AbstractResourceMethodDispatchProvider.java:205) ~[server-0.0.1-SNAPSHOT.jar:na]
! at com.sun.jersey.server.impl.model.method.dispatch.ResourceJavaMethodDispatcher.dispatch(ResourceJavaMethodDispatcher.java:75) ~[server-0.0.1-SNAPSHOT.jar:na]
! at com.yammer.metrics.jersey.InstrumentedResourceMethodDispatchProvider$TimedRequestDispatcher.dispatch(InstrumentedResourceMethodDispatchProvider.java:32) ~[server-0.0.1-SNAPSHOT.jar:na]
! at com.yammer.dropwizard.jersey.OptionalResourceMethodDispatchAdapter$OptionalRequestDispatcher.dispatch(OptionalResourceMethodDispatchAdapter.java:37) ~[server-0.0.1-SNAPSHOT.jar:na]
! at com.sun.jersey.server.impl.uri.rules.HttpMethodRule.accept(HttpMethodRule.java:302) ~[server-0.0.1-SNAPSHOT.jar:na]
! at com.sun.jersey.server.impl.uri.rules.RightHandPathRule.accept(RightHandPathRule.java:147) ~[server-0.0.1-SNAPSHOT.jar:na]
! at com.sun.jersey.server.impl.uri.rules.ResourceObjectRule.accept(ResourceObjectRule.java:100) ~[server-0.0.1-SNAPSHOT.jar:na]
! at com.sun.jersey.server.impl.uri.rules.RightHandPathRule.accept(RightHandPathRule.java:147) ~[server-0.0.1-SNAPSHOT.jar:na]
! at com.sun.jersey.server.impl.uri.rules.RootResourceClassesRule.accept(RootResourceClassesRule.java:84) ~[server-0.0.1-SNAPSHOT.jar:na]
! at com.sun.jersey.server.impl.application.WebApplicationImpl._handleRequest(WebApplicationImpl.java:1511) [server-0.0.1-SNAPSHOT.jar:na]
! at com.sun.jersey.server.impl.application.WebApplicationImpl._handleRequest(WebApplicationImpl.java:1442) [server-0.0.1-SNAPSHOT.jar:na]
! at com.sun.jersey.server.impl.application.WebApplicationImpl.handleRequest(WebApplicationImpl.java:1391) [server-0.0.1-SNAPSHOT.jar:na]
! at com.sun.jersey.server.impl.application.WebApplicationImpl.handleRequest(WebApplicationImpl.java:1381) [server-0.0.1-SNAPSHOT.jar:na]
! at com.sun.jersey.spi.container.servlet.WebComponent.service(WebComponent.java:416) [server-0.0.1-SNAPSHOT.jar:na]
! at com.sun.jersey.spi.container.servlet.ServletContainer.service(ServletContainer.java:538) [server-0.0.1-SNAPSHOT.jar:na]
! at com.sun.jersey.spi.container.servlet.ServletContainer.service(ServletContainer.java:716) [server-0.0.1-SNAPSHOT.jar:na]
! at javax.servlet.http.HttpServlet.service(HttpServlet.java:848) [server-0.0.1-SNAPSHOT.jar:na]
! at org.eclipse.jetty.servlet.ServletHolder.handle(ServletHolder.java:669) [server-0.0.1-SNAPSHOT.jar:na]
! at org.eclipse.jetty.servlet.ServletHandler$CachedChain.doFilter(ServletHandler.java:1448) [server-0.0.1-SNAPSHOT.jar:na]
! at com.yammer.dropwizard.servlets.ThreadNameFilter.doFilter(ThreadNameFilter.java:29) [server-0.0.1-SNAPSHOT.jar:na]
! at org.eclipse.jetty.servlet.ServletHandler$CachedChain.doFilter(ServletHandler.java:1419) [server-0.0.1-SNAPSHOT.jar:na]
! at org.eclipse.jetty.servlet.ServletHandler.doHandle(ServletHandler.java:455) [server-0.0.1-SNAPSHOT.jar:na]
! at org.eclipse.jetty.server.handler.ContextHandler.doHandle(ContextHandler.java:1075) [server-0.0.1-SNAPSHOT.jar:na]
! at org.eclipse.jetty.servlet.ServletHandler.doScope(ServletHandler.java:384) [server-0.0.1-SNAPSHOT.jar:na]
! at org.eclipse.jetty.server.handler.ContextHandler.doScope(ContextHandler.java:1009) [server-0.0.1-SNAPSHOT.jar:na]
! at org.eclipse.jetty.server.handler.ScopedHandler.handle(ScopedHandler.java:135) [server-0.0.1-SNAPSHOT.jar:na]
! at org.eclipse.jetty.server.handler.HandlerWrapper.handle(HandlerWrapper.java:116) [server-0.0.1-SNAPSHOT.jar:na]
! at com.yammer.metrics.jetty.InstrumentedHandler.handle(InstrumentedHandler.java:200) [server-0.0.1-SNAPSHOT.jar:na]
! at org.eclipse.jetty.server.handler.GzipHandler.handle(GzipHandler.java:264) [server-0.0.1-SNAPSHOT.jar:na]
! at com.yammer.dropwizard.jetty.BiDiGzipHandler.handle(BiDiGzipHandler.java:123) [server-0.0.1-SNAPSHOT.jar:na]
! at org.eclipse.jetty.server.handler.HandlerCollection.handle(HandlerCollection.java:154) [server-0.0.1-SNAPSHOT.jar:na]
! at org.eclipse.jetty.server.handler.HandlerWrapper.handle(HandlerWrapper.java:116) [server-0.0.1-SNAPSHOT.jar:na]
! at org.eclipse.jetty.server.Server.handle(Server.java:368) [server-0.0.1-SNAPSHOT.jar:na]
! at org.eclipse.jetty.server.AbstractHttpConnection.handleRequest(AbstractHttpConnection.java:489) [server-0.0.1-SNAPSHOT.jar:na]
! at org.eclipse.jetty.server.BlockingHttpConnection.handleRequest(BlockingHttpConnection.java:53) [server-0.0.1-SNAPSHOT.jar:na]
! at org.eclipse.jetty.server.AbstractHttpConnection.headerComplete(AbstractHttpConnection.java:942) [server-0.0.1-SNAPSHOT.jar:na]
! at org.eclipse.jetty.server.AbstractHttpConnection$RequestHandler.headerComplete(AbstractHttpConnection.java:1004) [server-0.0.1-SNAPSHOT.jar:na]
! at org.eclipse.jetty.http.HttpParser.parseNext(HttpParser.java:640) [server-0.0.1-SNAPSHOT.jar:na]
! at org.eclipse.jetty.http.HttpParser.parseAvailable(HttpParser.java:235) [server-0.0.1-SNAPSHOT.jar:na]
! at org.eclipse.jetty.server.BlockingHttpConnection.handle(BlockingHttpConnection.java:72) [server-0.0.1-SNAPSHOT.jar:na]
! at org.eclipse.jetty.server.nio.BlockingChannelConnector$BlockingChannelEndPoint.run(BlockingChannelConnector.java:298) [server-0.0.1-SNAPSHOT.jar:na]
! at org.eclipse.jetty.util.thread.QueuedThreadPool.runJob(QueuedThreadPool.java:608) [server-0.0.1-SNAPSHOT.jar:na]
! at org.eclipse.jetty.util.thread.QueuedThreadPool$3.run(QueuedThreadPool.java:543) [server-0.0.1-SNAPSHOT.jar:na]
! at java.lang.Thread.run(Unknown Source) [na:1.8.0_20]
ERROR [2014-12-21 03:30:17,555] com.yammer.dropwizard.jersey.LoggingExceptionMapper: Error handling a request: bbbcc0ce11d6c0d7
! java.lang.Error: Unresolved compilation problem: 
	The type InMemoryCache must implement the inherited abstract method CacheInterface.delete(Long)

! at edu.sjsu.cmpe.cache.repository.InMemoryCache.delete(InMemoryCache.java:12) ~[server-0.0.1-SNAPSHOT.jar:na]
! at edu.sjsu.cmpe.cache.api.resources.CacheResource.delete(CacheResource.java:74) ~[server-0.0.1-SNAPSHOT.jar:na]
! at sun.reflect.NativeMethodAccessorImpl.invoke0(Native Method) ~[na:1.8.0_20]
! at sun.reflect.NativeMethodAccessorImpl.invoke(Unknown Source) ~[na:1.8.0_20]
! at sun.reflect.DelegatingMethodAccessorImpl.invoke(Unknown Source) ~[na:1.8.0_20]
! at java.lang.reflect.Method.invoke(Unknown Source) ~[na:1.8.0_20]
! at com.sun.jersey.spi.container.JavaMethodInvokerFactory$1.invoke(JavaMethodInvokerFactory.java:60) ~[server-0.0.1-SNAPSHOT.jar:na]
! at com.sun.jersey.server.impl.model.method.dispatch.AbstractResourceMethodDispatchProvider$ResponseOutInvoker._dispatch(AbstractResourceMethodDispatchProvider.java:205) ~[server-0.0.1-SNAPSHOT.jar:na]
! at com.sun.jersey.server.impl.model.method.dispatch.ResourceJavaMethodDispatcher.dispatch(ResourceJavaMethodDispatcher.java:75) ~[server-0.0.1-SNAPSHOT.jar:na]
! at com.yammer.metrics.jersey.InstrumentedResourceMethodDispatchProvider$TimedRequestDispatcher.dispatch(InstrumentedResourceMethodDispatchProvider.java:32) ~[server-0.0.1-SNAPSHOT.jar:na]
! at com.yammer.dropwizard.jersey.OptionalResourceMethodDispatchAdapter$OptionalRequestDispatcher.dispatch(OptionalResourceMethodDispatchAdapter.java:37) ~[server-0.0.1-SNAPSHOT.jar:na]
! at com.sun.jersey.server.impl.uri.rules.HttpMethodRule.accept(HttpMethodRule.java:302) ~[server-0.0.1-SNAPSHOT.jar:na]
! at com.sun.jersey.server.impl.uri.rules.RightHandPathRule.accept(RightHandPathRule.java:147) ~[server-0.0.1-SNAPSHOT.jar:na]
! at com.sun.jersey.server.impl.uri.rules.ResourceObjectRule.accept(ResourceObjectRule.java:100) ~[server-0.0.1-SNAPSHOT.jar:na]
! at com.sun.jersey.server.impl.uri.rules.RightHandPathRule.accept(RightHandPathRule.java:147) ~[server-0.0.1-SNAPSHOT.jar:na]
! at com.sun.jersey.server.impl.uri.rules.RootResourceClassesRule.accept(RootResourceClassesRule.java:84) ~[server-0.0.1-SNAPSHOT.jar:na]
! at com.sun.jersey.server.impl.application.WebApplicationImpl._handleRequest(WebApplicationImpl.java:1511) [server-0.0.1-SNAPSHOT.jar:na]
! at com.sun.jersey.server.impl.application.WebApplicationImpl._handleRequest(WebApplicationImpl.java:1442) [server-0.0.1-SNAPSHOT.jar:na]
! at com.sun.jersey.server.impl.application.WebApplicationImpl.handleRequest(WebApplicationImpl.java:1391) [server-0.0.1-SNAPSHOT.jar:na]
! at com.sun.jersey.server.impl.application.WebApplicationImpl.handleRequest(WebApplicationImpl.java:1381) [server-0.0.1-SNAPSHOT.jar:na]
! at com.sun.jersey.spi.container.servlet.WebComponent.service(WebComponent.java:416) [server-0.0.1-SNAPSHOT.jar:na]
! at com.sun.jersey.spi.container.servlet.ServletContainer.service(ServletContainer.java:538) [server-0.0.1-SNAPSHOT.jar:na]
! at com.sun.jersey.spi.container.servlet.ServletContainer.service(ServletContainer.java:716) [server-0.0.1-SNAPSHOT.jar:na]
! at javax.servlet.http.HttpServlet.service(HttpServlet.java:848) [server-0.0.1-SNAPSHOT.jar:na]
! at org.eclipse.jetty.servlet.ServletHolder.handle(ServletHolder.java:669) [server-0.0.1-SNAPSHOT.jar:na]
! at org.eclipse.jetty.servlet.ServletHandler$CachedChain.doFilter(ServletHandler.java:1448) [server-0.0.1-SNAPSHOT.jar:na]
! at com.yammer.dropwizard.servlets.ThreadNameFilter.doFilter(ThreadNameFilter.java:29) [server-0.0.1-SNAPSHOT.jar:na]
! at org.eclipse.jetty.servlet.ServletHandler$CachedChain.doFilter(ServletHandler.java:1419) [server-0.0.1-SNAPSHOT.jar:na]
! at org.eclipse.jetty.servlet.ServletHandler.doHandle(ServletHandler.java:455) [server-0.0.1-SNAPSHOT.jar:na]
! at org.eclipse.jetty.server.handler.ContextHandler.doHandle(ContextHandler.java:1075) [server-0.0.1-SNAPSHOT.jar:na]
! at org.eclipse.jetty.servlet.ServletHandler.doScope(ServletHandler.java:384) [server-0.0.1-SNAPSHOT.jar:na]
! at org.eclipse.jetty.server.handler.ContextHandler.doScope(ContextHandler.java:1009) [server-0.0.1-SNAPSHOT.jar:na]
! at org.eclipse.jetty.server.handler.ScopedHandler.handle(ScopedHandler.java:135) [server-0.0.1-SNAPSHOT.jar:na]
! at org.eclipse.jetty.server.handler.HandlerWrapper.handle(HandlerWrapper.java:116) [server-0.0.1-SNAPSHOT.jar:na]
! at com.yammer.metrics.jetty.InstrumentedHandler.handle(InstrumentedHandler.java:200) [server-0.0.1-SNAPSHOT.jar:na]
! at org.eclipse.jetty.server.handler.GzipHandler.handle(GzipHandler.java:264) [server-0.0.1-SNAPSHOT.jar:na]
! at com.yammer.dropwizard.jetty.BiDiGzipHandler.handle(BiDiGzipHandler.java:123) [server-0.0.1-SNAPSHOT.jar:na]
! at org.eclipse.jetty.server.handler.HandlerCollection.handle(HandlerCollection.java:154) [server-0.0.1-SNAPSHOT.jar:na]
! at org.eclipse.jetty.server.handler.HandlerWrapper.handle(HandlerWrapper.java:116) [server-0.0.1-SNAPSHOT.jar:na]
! at org.eclipse.jetty.server.Server.handle(Server.java:368) [server-0.0.1-SNAPSHOT.jar:na]
! at org.eclipse.jetty.server.AbstractHttpConnection.handleRequest(AbstractHttpConnection.java:489) [server-0.0.1-SNAPSHOT.jar:na]
! at org.eclipse.jetty.server.BlockingHttpConnection.handleRequest(BlockingHttpConnection.java:53) [server-0.0.1-SNAPSHOT.jar:na]
! at org.eclipse.jetty.server.AbstractHttpConnection.headerComplete(AbstractHttpConnection.java:942) [server-0.0.1-SNAPSHOT.jar:na]
! at org.eclipse.jetty.server.AbstractHttpConnection$RequestHandler.headerComplete(AbstractHttpConnection.java:1004) [server-0.0.1-SNAPSHOT.jar:na]
! at org.eclipse.jetty.http.HttpParser.parseNext(HttpParser.java:640) [server-0.0.1-SNAPSHOT.jar:na]
! at org.eclipse.jetty.http.HttpParser.parseAvailable(HttpParser.java:235) [server-0.0.1-SNAPSHOT.jar:na]
! at org.eclipse.jetty.server.BlockingHttpConnection.handle(BlockingHttpConnection.java:72) [server-0.0.1-SNAPSHOT.jar:na]
! at org.eclipse.jetty.server.nio.BlockingChannelConnector$BlockingChannelEndPoint.run(BlockingChannelConnector.java:298) [server-0.0.1-SNAPSHOT.jar:na]
! at org.eclipse.jetty.util.thread.QueuedThreadPool.runJob(QueuedThreadPool.java:608) [server-0.0.1-SNAPSHOT.jar:na]
! at org.eclipse.jetty.util.thread.QueuedThreadPool$3.run(QueuedThreadPool.java:543) [server-0.0.1-SNAPSHOT.jar:na]
! at java.lang.Thread.run(Unknown Source) [na:1.8.0_20]
ERROR [2014-12-21 03:30:58,948] com.yammer.dropwizard.jersey.LoggingExceptionMapper: Error handling a request: d800b99dd8a54c04
! java.lang.Error: Unresolved compilation problem: 
	The type InMemoryCache must implement the inherited abstract method CacheInterface.delete(Long)

! at edu.sjsu.cmpe.cache.repository.InMemoryCache.delete(InMemoryCache.java:12) ~[server-0.0.1-SNAPSHOT.jar:na]
! at edu.sjsu.cmpe.cache.api.resources.CacheResource.delete(CacheResource.java:74) ~[server-0.0.1-SNAPSHOT.jar:na]
! at sun.reflect.NativeMethodAccessorImpl.invoke0(Native Method) ~[na:1.8.0_20]
! at sun.reflect.NativeMethodAccessorImpl.invoke(Unknown Source) ~[na:1.8.0_20]
! at sun.reflect.DelegatingMethodAccessorImpl.invoke(Unknown Source) ~[na:1.8.0_20]
! at java.lang.reflect.Method.invoke(Unknown Source) ~[na:1.8.0_20]
! at com.sun.jersey.spi.container.JavaMethodInvokerFactory$1.invoke(JavaMethodInvokerFactory.java:60) ~[server-0.0.1-SNAPSHOT.jar:na]
! at com.sun.jersey.server.impl.model.method.dispatch.AbstractResourceMethodDispatchProvider$ResponseOutInvoker._dispatch(AbstractResourceMethodDispatchProvider.java:205) ~[server-0.0.1-SNAPSHOT.jar:na]
! at com.sun.jersey.server.impl.model.method.dispatch.ResourceJavaMethodDispatcher.dispatch(ResourceJavaMethodDispatcher.java:75) ~[server-0.0.1-SNAPSHOT.jar:na]
! at com.yammer.metrics.jersey.InstrumentedResourceMethodDispatchProvider$TimedRequestDispatcher.dispatch(InstrumentedResourceMethodDispatchProvider.java:32) ~[server-0.0.1-SNAPSHOT.jar:na]
! at com.yammer.dropwizard.jersey.OptionalResourceMethodDispatchAdapter$OptionalRequestDispatcher.dispatch(OptionalResourceMethodDispatchAdapter.java:37) ~[server-0.0.1-SNAPSHOT.jar:na]
! at com.sun.jersey.server.impl.uri.rules.HttpMethodRule.accept(HttpMethodRule.java:302) ~[server-0.0.1-SNAPSHOT.jar:na]
! at com.sun.jersey.server.impl.uri.rules.RightHandPathRule.accept(RightHandPathRule.java:147) ~[server-0.0.1-SNAPSHOT.jar:na]
! at com.sun.jersey.server.impl.uri.rules.ResourceObjectRule.accept(ResourceObjectRule.java:100) ~[server-0.0.1-SNAPSHOT.jar:na]
! at com.sun.jersey.server.impl.uri.rules.RightHandPathRule.accept(RightHandPathRule.java:147) ~[server-0.0.1-SNAPSHOT.jar:na]
! at com.sun.jersey.server.impl.uri.rules.RootResourceClassesRule.accept(RootResourceClassesRule.java:84) ~[server-0.0.1-SNAPSHOT.jar:na]
! at com.sun.jersey.server.impl.application.WebApplicationImpl._handleRequest(WebApplicationImpl.java:1511) [server-0.0.1-SNAPSHOT.jar:na]
! at com.sun.jersey.server.impl.application.WebApplicationImpl._handleRequest(WebApplicationImpl.java:1442) [server-0.0.1-SNAPSHOT.jar:na]
! at com.sun.jersey.server.impl.application.WebApplicationImpl.handleRequest(WebApplicationImpl.java:1391) [server-0.0.1-SNAPSHOT.jar:na]
! at com.sun.jersey.server.impl.application.WebApplicationImpl.handleRequest(WebApplicationImpl.java:1381) [server-0.0.1-SNAPSHOT.jar:na]
! at com.sun.jersey.spi.container.servlet.WebComponent.service(WebComponent.java:416) [server-0.0.1-SNAPSHOT.jar:na]
! at com.sun.jersey.spi.container.servlet.ServletContainer.service(ServletContainer.java:538) [server-0.0.1-SNAPSHOT.jar:na]
! at com.sun.jersey.spi.container.servlet.ServletContainer.service(ServletContainer.java:716) [server-0.0.1-SNAPSHOT.jar:na]
! at javax.servlet.http.HttpServlet.service(HttpServlet.java:848) [server-0.0.1-SNAPSHOT.jar:na]
! at org.eclipse.jetty.servlet.ServletHolder.handle(ServletHolder.java:669) [server-0.0.1-SNAPSHOT.jar:na]
! at org.eclipse.jetty.servlet.ServletHandler$CachedChain.doFilter(ServletHandler.java:1448) [server-0.0.1-SNAPSHOT.jar:na]
! at com.yammer.dropwizard.servlets.ThreadNameFilter.doFilter(ThreadNameFilter.java:29) [server-0.0.1-SNAPSHOT.jar:na]
! at org.eclipse.jetty.servlet.ServletHandler$CachedChain.doFilter(ServletHandler.java:1419) [server-0.0.1-SNAPSHOT.jar:na]
! at org.eclipse.jetty.servlet.ServletHandler.doHandle(ServletHandler.java:455) [server-0.0.1-SNAPSHOT.jar:na]
! at org.eclipse.jetty.server.handler.ContextHandler.doHandle(ContextHandler.java:1075) [server-0.0.1-SNAPSHOT.jar:na]
! at org.eclipse.jetty.servlet.ServletHandler.doScope(ServletHandler.java:384) [server-0.0.1-SNAPSHOT.jar:na]
! at org.eclipse.jetty.server.handler.ContextHandler.doScope(ContextHandler.java:1009) [server-0.0.1-SNAPSHOT.jar:na]
! at org.eclipse.jetty.server.handler.ScopedHandler.handle(ScopedHandler.java:135) [server-0.0.1-SNAPSHOT.jar:na]
! at org.eclipse.jetty.server.handler.HandlerWrapper.handle(HandlerWrapper.java:116) [server-0.0.1-SNAPSHOT.jar:na]
! at com.yammer.metrics.jetty.InstrumentedHandler.handle(InstrumentedHandler.java:200) [server-0.0.1-SNAPSHOT.jar:na]
! at org.eclipse.jetty.server.handler.GzipHandler.handle(GzipHandler.java:264) [server-0.0.1-SNAPSHOT.jar:na]
! at com.yammer.dropwizard.jetty.BiDiGzipHandler.handle(BiDiGzipHandler.java:123) [server-0.0.1-SNAPSHOT.jar:na]
! at org.eclipse.jetty.server.handler.HandlerCollection.handle(HandlerCollection.java:154) [server-0.0.1-SNAPSHOT.jar:na]
! at org.eclipse.jetty.server.handler.HandlerWrapper.handle(HandlerWrapper.java:116) [server-0.0.1-SNAPSHOT.jar:na]
! at org.eclipse.jetty.server.Server.handle(Server.java:368) [server-0.0.1-SNAPSHOT.jar:na]
! at org.eclipse.jetty.server.AbstractHttpConnection.handleRequest(AbstractHttpConnection.java:489) [server-0.0.1-SNAPSHOT.jar:na]
! at org.eclipse.jetty.server.BlockingHttpConnection.handleRequest(BlockingHttpConnection.java:53) [server-0.0.1-SNAPSHOT.jar:na]
! at org.eclipse.jetty.server.AbstractHttpConnection.headerComplete(AbstractHttpConnection.java:942) [server-0.0.1-SNAPSHOT.jar:na]
! at org.eclipse.jetty.server.AbstractHttpConnection$RequestHandler.headerComplete(AbstractHttpConnection.java:1004) [server-0.0.1-SNAPSHOT.jar:na]
! at org.eclipse.jetty.http.HttpParser.parseNext(HttpParser.java:640) [server-0.0.1-SNAPSHOT.jar:na]
! at org.eclipse.jetty.http.HttpParser.parseAvailable(HttpParser.java:235) [server-0.0.1-SNAPSHOT.jar:na]
! at org.eclipse.jetty.server.BlockingHttpConnection.handle(BlockingHttpConnection.java:72) [server-0.0.1-SNAPSHOT.jar:na]
! at org.eclipse.jetty.server.nio.BlockingChannelConnector$BlockingChannelEndPoint.run(BlockingChannelConnector.java:298) [server-0.0.1-SNAPSHOT.jar:na]
! at org.eclipse.jetty.util.thread.QueuedThreadPool.runJob(QueuedThreadPool.java:608) [server-0.0.1-SNAPSHOT.jar:na]
! at org.eclipse.jetty.util.thread.QueuedThreadPool$3.run(QueuedThreadPool.java:543) [server-0.0.1-SNAPSHOT.jar:na]
! at java.lang.Thread.run(Unknown Source) [na:1.8.0_20]
ERROR [2014-12-21 03:31:00,990] com.yammer.dropwizard.jersey.LoggingExceptionMapper: Error handling a request: e5b124dde2abce21
! java.lang.Error: Unresolved compilation problem: 
	The type InMemoryCache must implement the inherited abstract method CacheInterface.delete(Long)

! at edu.sjsu.cmpe.cache.repository.InMemoryCache.delete(InMemoryCache.java:12) ~[server-0.0.1-SNAPSHOT.jar:na]
! at edu.sjsu.cmpe.cache.api.resources.CacheResource.delete(CacheResource.java:74) ~[server-0.0.1-SNAPSHOT.jar:na]
! at sun.reflect.NativeMethodAccessorImpl.invoke0(Native Method) ~[na:1.8.0_20]
! at sun.reflect.NativeMethodAccessorImpl.invoke(Unknown Source) ~[na:1.8.0_20]
! at sun.reflect.DelegatingMethodAccessorImpl.invoke(Unknown Source) ~[na:1.8.0_20]
! at java.lang.reflect.Method.invoke(Unknown Source) ~[na:1.8.0_20]
! at com.sun.jersey.spi.container.JavaMethodInvokerFactory$1.invoke(JavaMethodInvokerFactory.java:60) ~[server-0.0.1-SNAPSHOT.jar:na]
! at com.sun.jersey.server.impl.model.method.dispatch.AbstractResourceMethodDispatchProvider$ResponseOutInvoker._dispatch(AbstractResourceMethodDispatchProvider.java:205) ~[server-0.0.1-SNAPSHOT.jar:na]
! at com.sun.jersey.server.impl.model.method.dispatch.ResourceJavaMethodDispatcher.dispatch(ResourceJavaMethodDispatcher.java:75) ~[server-0.0.1-SNAPSHOT.jar:na]
! at com.yammer.metrics.jersey.InstrumentedResourceMethodDispatchProvider$TimedRequestDispatcher.dispatch(InstrumentedResourceMethodDispatchProvider.java:32) ~[server-0.0.1-SNAPSHOT.jar:na]
! at com.yammer.dropwizard.jersey.OptionalResourceMethodDispatchAdapter$OptionalRequestDispatcher.dispatch(OptionalResourceMethodDispatchAdapter.java:37) ~[server-0.0.1-SNAPSHOT.jar:na]
! at com.sun.jersey.server.impl.uri.rules.HttpMethodRule.accept(HttpMethodRule.java:302) ~[server-0.0.1-SNAPSHOT.jar:na]
! at com.sun.jersey.server.impl.uri.rules.RightHandPathRule.accept(RightHandPathRule.java:147) ~[server-0.0.1-SNAPSHOT.jar:na]
! at com.sun.jersey.server.impl.uri.rules.ResourceObjectRule.accept(ResourceObjectRule.java:100) ~[server-0.0.1-SNAPSHOT.jar:na]
! at com.sun.jersey.server.impl.uri.rules.RightHandPathRule.accept(RightHandPathRule.java:147) ~[server-0.0.1-SNAPSHOT.jar:na]
! at com.sun.jersey.server.impl.uri.rules.RootResourceClassesRule.accept(RootResourceClassesRule.java:84) ~[server-0.0.1-SNAPSHOT.jar:na]
! at com.sun.jersey.server.impl.application.WebApplicationImpl._handleRequest(WebApplicationImpl.java:1511) [server-0.0.1-SNAPSHOT.jar:na]
! at com.sun.jersey.server.impl.application.WebApplicationImpl._handleRequest(WebApplicationImpl.java:1442) [server-0.0.1-SNAPSHOT.jar:na]
! at com.sun.jersey.server.impl.application.WebApplicationImpl.handleRequest(WebApplicationImpl.java:1391) [server-0.0.1-SNAPSHOT.jar:na]
! at com.sun.jersey.server.impl.application.WebApplicationImpl.handleRequest(WebApplicationImpl.java:1381) [server-0.0.1-SNAPSHOT.jar:na]
! at com.sun.jersey.spi.container.servlet.WebComponent.service(WebComponent.java:416) [server-0.0.1-SNAPSHOT.jar:na]
! at com.sun.jersey.spi.container.servlet.ServletContainer.service(ServletContainer.java:538) [server-0.0.1-SNAPSHOT.jar:na]
! at com.sun.jersey.spi.container.servlet.ServletContainer.service(ServletContainer.java:716) [server-0.0.1-SNAPSHOT.jar:na]
! at javax.servlet.http.HttpServlet.service(HttpServlet.java:848) [server-0.0.1-SNAPSHOT.jar:na]
! at org.eclipse.jetty.servlet.ServletHolder.handle(ServletHolder.java:669) [server-0.0.1-SNAPSHOT.jar:na]
! at org.eclipse.jetty.servlet.ServletHandler$CachedChain.doFilter(ServletHandler.java:1448) [server-0.0.1-SNAPSHOT.jar:na]
! at com.yammer.dropwizard.servlets.ThreadNameFilter.doFilter(ThreadNameFilter.java:29) [server-0.0.1-SNAPSHOT.jar:na]
! at org.eclipse.jetty.servlet.ServletHandler$CachedChain.doFilter(ServletHandler.java:1419) [server-0.0.1-SNAPSHOT.jar:na]
! at org.eclipse.jetty.servlet.ServletHandler.doHandle(ServletHandler.java:455) [server-0.0.1-SNAPSHOT.jar:na]
! at org.eclipse.jetty.server.handler.ContextHandler.doHandle(ContextHandler.java:1075) [server-0.0.1-SNAPSHOT.jar:na]
! at org.eclipse.jetty.servlet.ServletHandler.doScope(ServletHandler.java:384) [server-0.0.1-SNAPSHOT.jar:na]
! at org.eclipse.jetty.server.handler.ContextHandler.doScope(ContextHandler.java:1009) [server-0.0.1-SNAPSHOT.jar:na]
! at org.eclipse.jetty.server.handler.ScopedHandler.handle(ScopedHandler.java:135) [server-0.0.1-SNAPSHOT.jar:na]
! at org.eclipse.jetty.server.handler.HandlerWrapper.handle(HandlerWrapper.java:116) [server-0.0.1-SNAPSHOT.jar:na]
! at com.yammer.metrics.jetty.InstrumentedHandler.handle(InstrumentedHandler.java:200) [server-0.0.1-SNAPSHOT.jar:na]
! at org.eclipse.jetty.server.handler.GzipHandler.handle(GzipHandler.java:264) [server-0.0.1-SNAPSHOT.jar:na]
! at com.yammer.dropwizard.jetty.BiDiGzipHandler.handle(BiDiGzipHandler.java:123) [server-0.0.1-SNAPSHOT.jar:na]
! at org.eclipse.jetty.server.handler.HandlerCollection.handle(HandlerCollection.java:154) [server-0.0.1-SNAPSHOT.jar:na]
! at org.eclipse.jetty.server.handler.HandlerWrapper.handle(HandlerWrapper.java:116) [server-0.0.1-SNAPSHOT.jar:na]
! at org.eclipse.jetty.server.Server.handle(Server.java:368) [server-0.0.1-SNAPSHOT.jar:na]
! at org.eclipse.jetty.server.AbstractHttpConnection.handleRequest(AbstractHttpConnection.java:489) [server-0.0.1-SNAPSHOT.jar:na]
! at org.eclipse.jetty.server.BlockingHttpConnection.handleRequest(BlockingHttpConnection.java:53) [server-0.0.1-SNAPSHOT.jar:na]
! at org.eclipse.jetty.server.AbstractHttpConnection.headerComplete(AbstractHttpConnection.java:942) [server-0.0.1-SNAPSHOT.jar:na]
! at org.eclipse.jetty.server.AbstractHttpConnection$RequestHandler.headerComplete(AbstractHttpConnection.java:1004) [server-0.0.1-SNAPSHOT.jar:na]
! at org.eclipse.jetty.http.HttpParser.parseNext(HttpParser.java:640) [server-0.0.1-SNAPSHOT.jar:na]
! at org.eclipse.jetty.http.HttpParser.parseAvailable(HttpParser.java:235) [server-0.0.1-SNAPSHOT.jar:na]
! at org.eclipse.jetty.server.BlockingHttpConnection.handle(BlockingHttpConnection.java:72) [server-0.0.1-SNAPSHOT.jar:na]
! at org.eclipse.jetty.server.nio.BlockingChannelConnector$BlockingChannelEndPoint.run(BlockingChannelConnector.java:298) [server-0.0.1-SNAPSHOT.jar:na]
! at org.eclipse.jetty.util.thread.QueuedThreadPool.runJob(QueuedThreadPool.java:608) [server-0.0.1-SNAPSHOT.jar:na]
! at org.eclipse.jetty.util.thread.QueuedThreadPool$3.run(QueuedThreadPool.java:543) [server-0.0.1-SNAPSHOT.jar:na]
! at java.lang.Thread.run(Unknown Source) [na:1.8.0_20]
INFO  [2014-12-21 03:36:33,550] org.eclipse.jetty.server.Server: Graceful shutdown SocketConnector@0.0.0.0:7000
INFO  [2014-12-21 03:36:33,551] org.eclipse.jetty.server.Server: Graceful shutdown InstrumentedBlockingChannelConnector@0.0.0.0:3000
INFO  [2014-12-21 03:36:33,553] org.eclipse.jetty.server.Server: Graceful shutdown o.e.j.s.ServletContextHandler{/,null}
INFO  [2014-12-21 03:36:33,553] org.eclipse.jetty.server.Server: Graceful shutdown o.e.j.s.ServletContextHandler{/,null}
INFO  [2014-12-21 03:36:35,606] org.eclipse.jetty.server.handler.ContextHandler: stopped o.e.j.s.ServletContextHandler{/,null}
INFO  [2014-12-21 03:36:35,606] org.eclipse.jetty.server.handler.ContextHandler: stopped o.e.j.s.ServletContextHandler{/,null}
INFO  [2014-12-21 03:36:56,723] edu.sjsu.cmpe.cache.CacheService: Loaded resources
WARN  [2014-12-21 03:36:56,739] com.yammer.dropwizard.config.ServerFactory: 
!!!!!!!!!!!!!!!!!!!!!!!!!!!!!!!!!!!!!!!!!!!!!!!!!!!!!!!!!!!!!!!!!!!!!!!!!!!!!!!!
!!!!!!!!!!!!!!!!!!!!!!!!!!!!!!!!!!!!!!!!!!!!!!!!!!!!!!!!!!!!!!!!!!!!!!!!!!!!!!!!
!    THIS SERVICE HAS NO HEALTHCHECKS. THIS MEANS YOU WILL NEVER KNOW IF IT    !
!    DIES IN PRODUCTION, WHICH MEANS YOU WILL NEVER KNOW IF YOU'RE LETTING     !
!     YOUR USERS DOWN. YOU SHOULD ADD A HEALTHCHECK FOR EACH DEPENDENCY OF     !
!     YOUR SERVICE WHICH FULLY (BUT LIGHTLY) TESTS YOUR SERVICE'S ABILITY TO   !
!      USE THAT SERVICE. THINK OF IT AS A CONTINUOUS INTEGRATION TEST.         !
!!!!!!!!!!!!!!!!!!!!!!!!!!!!!!!!!!!!!!!!!!!!!!!!!!!!!!!!!!!!!!!!!!!!!!!!!!!!!!!!
!!!!!!!!!!!!!!!!!!!!!!!!!!!!!!!!!!!!!!!!!!!!!!!!!!!!!!!!!!!!!!!!!!!!!!!!!!!!!!!!
INFO  [2014-12-21 03:36:56,806] com.yammer.dropwizard.cli.ServerCommand: Starting cache-server
INFO  [2014-12-21 03:36:56,807] org.eclipse.jetty.server.Server: jetty-8.y.z-SNAPSHOT
INFO  [2014-12-21 03:36:56,915] com.sun.jersey.server.impl.application.WebApplicationImpl: Initiating Jersey application, version 'Jersey: 1.17.1 02/28/2013 12:47 PM'
INFO  [2014-12-21 03:36:56,972] com.yammer.dropwizard.config.Environment: The following paths were found for the configured resources:

    DELETE  /cache/{key} (edu.sjsu.cmpe.cache.api.resources.CacheResource)
    GET     /cache/ (edu.sjsu.cmpe.cache.api.resources.CacheResource)
    GET     /cache/{key} (edu.sjsu.cmpe.cache.api.resources.CacheResource)
    PUT     /cache/{key}/{value} (edu.sjsu.cmpe.cache.api.resources.CacheResource)

INFO  [2014-12-21 03:36:56,972] com.yammer.dropwizard.config.Environment: tasks = 

    POST    /tasks/gc (com.yammer.dropwizard.tasks.GarbageCollectionTask)

INFO  [2014-12-21 03:36:57,235] org.eclipse.jetty.server.AbstractConnector: Started InstrumentedBlockingChannelConnector@0.0.0.0:3000
INFO  [2014-12-21 03:36:57,237] org.eclipse.jetty.server.AbstractConnector: Started SocketConnector@0.0.0.0:7000
